<?xml version="1.0" encoding="UTF-8"?>
<persistence xmlns="http://java.sun.com/xml/ns/persistence" xmlns:xsi="http://www.w3.org/2001/XMLSchema-instance"
			 xsi:schemaLocation="http://java.sun.com/xml/ns/persistence http://java.sun.com/xml/ns/persistence/persistence_2_0.xsd"
			 version="2.0">
<persistence-unit name="myPU">
	<class>be.pengo.tomeeapi.entities.MyEntity</class>
	<jta-data-source>fooDS</jta-data-source>
	<shared-cache-mode>NONE</shared-cache-mode>
	<properties>
		<property name="hibernate.hbm2ddl.auto" value="create-drop" />
		<property name="openjpa.jdbc.SynchronizeMappings" value="buildSchema(ForeignKeys=true)" />
	</properties>
</persistence-unit>
</persistence>
